# JRE version: OpenJDK Runtime Environment Temurin-21.0.10+7 (21.0.10+7) (build 21.0.10+7-LTS)
# Java VM: OpenJDK 64-Bit Server VM Temurin-21.0.10+7 (21.0.10+7-LTS, mixed mode, sharing, tiered, compressed oops, compressed class ptrs, g1 gc, windows-amd64)
GC Precious Log:
 CardTable entry size: 512
 Card Set container configuration: InlinePtr #cards 5 size 8 Array Of Cards #cards 12 size 40 Howl #buckets 4 coarsen threshold 1843 Howl Bitmap #cards 512 size 80 coarsen threshold 460 Card regions per heap region 1 cards per card region 2048
 CPUs: 12 total, 12 available
 Memory: 24297M
 Large Page Support: Disabled
 NUMA Support: Disabled
 Compressed Oops: Enabled (32-bit)
 Heap Region Size: 1M
 Heap Min Capacity: 256M
 Heap Initial Capacity: 256M
 Heap Max Capacity: 512M
 Pre-touch: Disabled
 Parallel Workers: 10
 Concurrent Workers: 3
 Concurrent Refinement Workers: 10
 Periodic GC: Disabled
Heap:
 garbage-first heap   total 396288K, used 239414K [0x00000000e0000000, 0x0000000100000000)
  region size 1024K, 9 young (9216K), 4 survivors (4096K)
 Metaspace       used 142071K, committed 163072K, reserved 524288K
  class space    used 18885K, committed 23936K, reserved 327680K
GC Heap History (20 events):
Event: 74.658 GC heap before
{Heap before GC invocations=35 (full 0):
 garbage-first heap   total 290816K, used 268554K [0x00000000e0000000, 0x0000000100000000)
  region size 1024K, 100 young (102400K), 12 survivors (12288K)
 Metaspace       used 126062K, committed 128704K, reserved 458752K
  class space    used 17351K, committed 18624K, reserved 327680K
}
Event: 74.666 GC heap after
{Heap after GC invocations=36 (full 0):
 garbage-first heap   total 290816K, used 187381K [0x00000000e0000000, 0x0000000100000000)
  region size 1024K, 13 young (13312K), 13 survivors (13312K)
 Metaspace       used 126062K, committed 128704K, reserved 458752K
  class space    used 17351K, committed 18624K, reserved 327680K
}
Event: 75.187 GC heap before
{Heap before GC invocations=37 (full 0):
 garbage-first heap   total 316416K, used 275445K [0x00000000e0000000, 0x0000000100000000)
  region size 1024K, 95 young (97280K), 13 survivors (13312K)
 Metaspace       used 132805K, committed 135552K, reserved 458752K
  class space    used 18158K, committed 19456K, reserved 327680K
}
Event: 75.194 GC heap after
{Heap after GC invocations=38 (full 0):
 garbage-first heap   total 316416K, used 198325K [0x00000000e0000000, 0x0000000100000000)
  region size 1024K, 7 young (7168K), 7 survivors (7168K)
 Metaspace       used 132805K, committed 135552K, reserved 458752K
  class space    used 18158K, committed 19456K, reserved 327680K
}
Event: 75.797 GC heap before
{Heap before GC invocations=38 (full 0):
 garbage-first heap   total 316416K, used 297653K [0x00000000e0000000, 0x0000000100000000)
  region size 1024K, 100 young (102400K), 7 survivors (7168K)
 Metaspace       used 140171K, committed 142976K, reserved 458752K
  class space    used 19231K, committed 20544K, reserved 327680K
}
Event: 75.803 GC heap after
{Heap after GC invocations=39 (full 0):
 garbage-first heap   total 318464K, used 204518K [0x00000000e0000000, 0x0000000100000000)
  region size 1024K, 13 young (13312K), 13 survivors (13312K)
 Metaspace       used 140171K, committed 142976K, reserved 458752K
  class space    used 19231K, committed 20544K, reserved 327680K
}
Event: 76.211 GC heap before
{Heap before GC invocations=39 (full 0):
 garbage-first heap   total 318464K, used 294630K [0x00000000e0000000, 0x0000000100000000)
  region size 1024K, 102 young (104448K), 13 survivors (13312K)
 Metaspace       used 147858K, committed 150656K, reserved 458752K
  class space    used 20022K, committed 21376K, reserved 327680K
}
Event: 76.217 GC heap after
{Heap after GC invocations=40 (full 0):
 garbage-first heap   total 318464K, used 209214K [0x00000000e0000000, 0x0000000100000000)
  region size 1024K, 11 young (11264K), 11 survivors (11264K)
 Metaspace       used 147858K, committed 150656K, reserved 458752K
  class space    used 20022K, committed 21376K, reserved 327680K
}
Event: 76.448 GC heap before
{Heap before GC invocations=41 (full 0):
 garbage-first heap   total 350208K, used 297278K [0x00000000e0000000, 0x0000000100000000)
  region size 1024K, 98 young (100352K), 11 survivors (11264K)
 Metaspace       used 148004K, committed 150784K, reserved 458752K
  class space    used 20036K, committed 21376K, reserved 327680K
}
Event: 76.455 GC heap after
{Heap after GC invocations=42 (full 0):
 garbage-first heap   total 350208K, used 218307K [0x00000000e0000000, 0x0000000100000000)
  region size 1024K, 13 young (13312K), 13 survivors (13312K)
 Metaspace       used 148004K, committed 150784K, reserved 458752K
  class space    used 20036K, committed 21376K, reserved 327680K
}
Event: 77.098 GC heap before
{Heap before GC invocations=42 (full 0):
 garbage-first heap   total 350208K, used 328899K [0x00000000e0000000, 0x0000000100000000)
  region size 1024K, 116 young (118784K), 13 survivors (13312K)
 Metaspace       used 152885K, committed 155840K, reserved 524288K
  class space    used 20656K, committed 22016K, reserved 327680K
}
Event: 77.106 GC heap after
{Heap after GC invocations=43 (full 0):
 garbage-first heap   total 358400K, used 228587K [0x00000000e0000000, 0x0000000100000000)
  region size 1024K, 14 young (14336K), 14 survivors (14336K)
 Metaspace       used 152885K, committed 155840K, reserved 524288K
  class space    used 20656K, committed 22016K, reserved 327680K
}
Event: 77.241 GC heap before
{Heap before GC invocations=43 (full 0):
 garbage-first heap   total 358400K, used 244971K [0x00000000e0000000, 0x0000000100000000)
  region size 1024K, 31 young (31744K), 14 survivors (14336K)
 Metaspace       used 154169K, committed 157120K, reserved 524288K
  class space    used 20819K, committed 22208K, reserved 327680K
}
Event: 77.245 GC heap after
{Heap after GC invocations=44 (full 0):
 garbage-first heap   total 358400K, used 231210K [0x00000000e0000000, 0x0000000100000000)
  region size 1024K, 3 young (3072K), 3 survivors (3072K)
 Metaspace       used 154169K, committed 157120K, reserved 524288K
  class space    used 20819K, committed 22208K, reserved 327680K
}
Event: 77.786 GC heap before
{Heap before GC invocations=45 (full 0):
 garbage-first heap   total 396288K, used 339754K [0x00000000e0000000, 0x0000000100000000)
  region size 1024K, 103 young (105472K), 3 survivors (3072K)
 Metaspace       used 158798K, committed 161792K, reserved 524288K
  class space    used 21492K, committed 22912K, reserved 327680K
}
Event: 77.790 GC heap after
{Heap after GC invocations=46 (full 0):
 garbage-first heap   total 396288K, used 240353K [0x00000000e0000000, 0x0000000100000000)
  region size 1024K, 12 young (12288K), 12 survivors (12288K)
 Metaspace       used 158798K, committed 161792K, reserved 524288K
  class space    used 21492K, committed 22912K, reserved 327680K
}
Event: 611.183 GC heap before
{Heap before GC invocations=46 (full 0):
 garbage-first heap   total 396288K, used 357089K [0x00000000e0000000, 0x0000000100000000)
  region size 1024K, 126 young (129024K), 12 survivors (12288K)
 Metaspace       used 165048K, committed 168064K, reserved 524288K
  class space    used 22498K, committed 23936K, reserved 327680K
}
Event: 611.198 GC heap after
{Heap after GC invocations=47 (full 0):
 garbage-first heap   total 396288K, used 235017K [0x00000000e0000000, 0x0000000100000000)
  region size 1024K, 4 young (4096K), 4 survivors (4096K)
 Metaspace       used 165048K, committed 168064K, reserved 524288K
  class space    used 22498K, committed 23936K, reserved 327680K
}
Event: 2991.503 GC heap before
{Heap before GC invocations=47 (full 0):
 garbage-first heap   total 396288K, used 358921K [0x00000000e0000000, 0x0000000100000000)
  region size 1024K, 125 young (128000K), 4 survivors (4096K)
 Metaspace       used 165155K, committed 168192K, reserved 524288K
  class space    used 22499K, committed 23936K, reserved 327680K
}
Event: 2991.518 GC heap after
{Heap after GC invocations=48 (full 0):
 garbage-first heap   total 396288K, used 235318K [0x00000000e0000000, 0x0000000100000000)
  region size 1024K, 4 young (4096K), 4 survivors (4096K)
 Metaspace       used 165155K, committed 168192K, reserved 524288K
  class space    used 22499K, committed 23936K, reserved 327680K
}

