# JRE version: OpenJDK Runtime Environment Temurin-21.0.10+7 (21.0.10+7) (build 21.0.10+7-LTS)
# Java VM: OpenJDK 64-Bit Server VM Temurin-21.0.10+7 (21.0.10+7-LTS, mixed mode, sharing, tiered, compressed oops, compressed class ptrs, parallel gc, windows-amd64)
GC Precious Log:
 CardTable entry size: 512
 CPUs: 12 total, 12 available
 Memory: 24297M
 Large Page Support: Disabled
 NUMA Support: Disabled
 Compressed Oops: Enabled (32-bit)
 Alignments: Space 512K, Generation 512K, Heap 2M
 Heap Min Capacity: 100M
 Heap Initial Capacity: 100M
 Heap Max Capacity: 2G
 Pre-touch: Disabled
 Parallel Workers: 10
Heap:
 PSYoungGen      total 34816K, used 10397K [0x00000000d5580000, 0x00000000d7900000, 0x0000000100000000)
  eden space 32768K, 31% used [0x00000000d5580000,0x00000000d5fa74f8,0x00000000d7580000)
  from space 2048K, 0% used [0x00000000d7700000,0x00000000d7700000,0x00000000d7900000)
  to   space 1536K, 0% used [0x00000000d7580000,0x00000000d7580000,0x00000000d7700000)
 ParOldGen       total 888832K, used 888310K [0x0000000080000000, 0x00000000b6400000, 0x00000000d5580000)
  object space 888832K, 99% used [0x0000000080000000,0x00000000b637da80,0x00000000b6400000)
 Metaspace       used 117630K, committed 120000K, reserved 1179648K
  class space    used 15525K, committed 16640K, reserved 1048576K
GC Heap History (20 events):
Event: 1742.456 GC heap before
{Heap before GC invocations=8924 (full 8):
 PSYoungGen      total 13312K, used 13289K [0x00000000d5580000, 0x00000000d6800000, 0x0000000100000000)
  eden space 12800K, 100% used [0x00000000d5580000,0x00000000d6200000,0x00000000d6200000)
  from space 512K, 95% used [0x00000000d6480000,0x00000000d64fa5e0,0x00000000d6500000)
  to   space 2560K, 0% used [0x00000000d6200000,0x00000000d6200000,0x00000000d6480000)
 ParOldGen       total 844288K, used 844010K [0x0000000080000000, 0x00000000b3880000, 0x00000000d5580000)
  object space 844288K, 99% used [0x0000000080000000,0x00000000b383aad0,0x00000000b3880000)
 Metaspace       used 117614K, committed 120000K, reserved 1179648K
  class space    used 15524K, committed 16640K, reserved 1048576K
}
Event: 1742.459 GC heap after
{Heap after GC invocations=8924 (full 8):
 PSYoungGen      total 15360K, used 2532K [0x00000000d5580000, 0x00000000d6e00000, 0x0000000100000000)
  eden space 12800K, 0% used [0x00000000d5580000,0x00000000d5580000,0x00000000d6200000)
  from space 2560K, 98% used [0x00000000d6200000,0x00000000d64793b0,0x00000000d6480000)
  to   space 6144K, 0% used [0x00000000d6800000,0x00000000d6800000,0x00000000d6e00000)
 ParOldGen       total 846848K, used 846519K [0x0000000080000000, 0x00000000b3b00000, 0x00000000d5580000)
  object space 846848K, 99% used [0x0000000080000000,0x00000000b3aade08,0x00000000b3b00000)
 Metaspace       used 117614K, committed 120000K, reserved 1179648K
  class space    used 15524K, committed 16640K, reserved 1048576K
}
Event: 1742.465 GC heap before
{Heap before GC invocations=8925 (full 8):
 PSYoungGen      total 15360K, used 15332K [0x00000000d5580000, 0x00000000d6e00000, 0x0000000100000000)
  eden space 12800K, 100% used [0x00000000d5580000,0x00000000d6200000,0x00000000d6200000)
  from space 2560K, 98% used [0x00000000d6200000,0x00000000d64793b0,0x00000000d6480000)
  to   space 6144K, 0% used [0x00000000d6800000,0x00000000d6800000,0x00000000d6e00000)
 ParOldGen       total 846848K, used 846519K [0x0000000080000000, 0x00000000b3b00000, 0x00000000d5580000)
  object space 846848K, 99% used [0x0000000080000000,0x00000000b3aade08,0x00000000b3b00000)
 Metaspace       used 117614K, committed 120000K, reserved 1179648K
  class space    used 15524K, committed 16640K, reserved 1048576K
}
Event: 1742.469 GC heap after
{Heap after GC invocations=8925 (full 8):
 PSYoungGen      total 19968K, used 4216K [0x00000000d5580000, 0x00000000d6d80000, 0x0000000100000000)
  eden space 14336K, 0% used [0x00000000d5580000,0x00000000d5580000,0x00000000d6380000)
  from space 5632K, 74% used [0x00000000d6800000,0x00000000d6c1e100,0x00000000d6d80000)
  to   space 4608K, 0% used [0x00000000d6380000,0x00000000d6380000,0x00000000d6800000)
 ParOldGen       total 848896K, used 848741K [0x0000000080000000, 0x00000000b3d00000, 0x00000000d5580000)
  object space 848896K, 99% used [0x0000000080000000,0x00000000b3cd97a0,0x00000000b3d00000)
 Metaspace       used 117614K, committed 120000K, reserved 1179648K
  class space    used 15524K, committed 16640K, reserved 1048576K
}
Event: 1742.473 GC heap before
{Heap before GC invocations=8926 (full 8):
 PSYoungGen      total 19968K, used 18552K [0x00000000d5580000, 0x00000000d6d80000, 0x0000000100000000)
  eden space 14336K, 100% used [0x00000000d5580000,0x00000000d6380000,0x00000000d6380000)
  from space 5632K, 74% used [0x00000000d6800000,0x00000000d6c1e100,0x00000000d6d80000)
  to   space 4608K, 0% used [0x00000000d6380000,0x00000000d6380000,0x00000000d6800000)
 ParOldGen       total 848896K, used 848741K [0x0000000080000000, 0x00000000b3d00000, 0x00000000d5580000)
  object space 848896K, 99% used [0x0000000080000000,0x00000000b3cd97a0,0x00000000b3d00000)
 Metaspace       used 117614K, committed 120000K, reserved 1179648K
  class space    used 15524K, committed 16640K, reserved 1048576K
}
Event: 1742.477 GC heap after
{Heap after GC invocations=8926 (full 8):
 PSYoungGen      total 18944K, used 4587K [0x00000000d5580000, 0x00000000d7880000, 0x0000000100000000)
  eden space 14336K, 0% used [0x00000000d5580000,0x00000000d5580000,0x00000000d6380000)
  from space 4608K, 99% used [0x00000000d6380000,0x00000000d67faec0,0x00000000d6800000)
  to   space 9216K, 0% used [0x00000000d6f80000,0x00000000d6f80000,0x00000000d7880000)
 ParOldGen       total 852480K, used 852453K [0x0000000080000000, 0x00000000b4080000, 0x00000000d5580000)
  object space 852480K, 99% used [0x0000000080000000,0x00000000b40797a0,0x00000000b4080000)
 Metaspace       used 117614K, committed 120000K, reserved 1179648K
  class space    used 15524K, committed 16640K, reserved 1048576K
}
Event: 1742.481 GC heap before
{Heap before GC invocations=8927 (full 8):
 PSYoungGen      total 18944K, used 18923K [0x00000000d5580000, 0x00000000d7880000, 0x0000000100000000)
  eden space 14336K, 100% used [0x00000000d5580000,0x00000000d6380000,0x00000000d6380000)
  from space 4608K, 99% used [0x00000000d6380000,0x00000000d67faec0,0x00000000d6800000)
  to   space 9216K, 0% used [0x00000000d6f80000,0x00000000d6f80000,0x00000000d7880000)
 ParOldGen       total 852480K, used 852453K [0x0000000080000000, 0x00000000b4080000, 0x00000000d5580000)
  object space 852480K, 99% used [0x0000000080000000,0x00000000b40797a0,0x00000000b4080000)
 Metaspace       used 117614K, committed 120000K, reserved 1179648K
  class space    used 15524K, committed 16640K, reserved 1048576K
}
Event: 1742.487 GC heap after
{Heap after GC invocations=8927 (full 8):
 PSYoungGen      total 23040K, used 5156K [0x00000000d5580000, 0x00000000d7500000, 0x0000000100000000)
  eden space 17408K, 0% used [0x00000000d5580000,0x00000000d5580000,0x00000000d6680000)
  from space 5632K, 91% used [0x00000000d6f80000,0x00000000d74892f8,0x00000000d7500000)
  to   space 6656K, 0% used [0x00000000d6800000,0x00000000d6800000,0x00000000d6e80000)
 ParOldGen       total 856576K, used 856547K [0x0000000080000000, 0x00000000b4480000, 0x00000000d5580000)
  object space 856576K, 99% used [0x0000000080000000,0x00000000b4478ed8,0x00000000b4480000)
 Metaspace       used 117614K, committed 120000K, reserved 1179648K
  class space    used 15524K, committed 16640K, reserved 1048576K
}
Event: 1742.492 GC heap before
{Heap before GC invocations=8928 (full 8):
 PSYoungGen      total 23040K, used 22564K [0x00000000d5580000, 0x00000000d7500000, 0x0000000100000000)
  eden space 17408K, 100% used [0x00000000d5580000,0x00000000d6680000,0x00000000d6680000)
  from space 5632K, 91% used [0x00000000d6f80000,0x00000000d74892f8,0x00000000d7500000)
  to   space 6656K, 0% used [0x00000000d6800000,0x00000000d6800000,0x00000000d6e80000)
 ParOldGen       total 856576K, used 856547K [0x0000000080000000, 0x00000000b4480000, 0x00000000d5580000)
  object space 856576K, 99% used [0x0000000080000000,0x00000000b4478ed8,0x00000000b4480000)
 Metaspace       used 117614K, committed 120000K, reserved 1179648K
  class space    used 15524K, committed 16640K, reserved 1048576K
}
Event: 1742.497 GC heap after
{Heap after GC invocations=8928 (full 8):
 PSYoungGen      total 25600K, used 5152K [0x00000000d5580000, 0x00000000d7500000, 0x0000000100000000)
  eden space 18944K, 0% used [0x00000000d5580000,0x00000000d5580000,0x00000000d6800000)
  from space 6656K, 77% used [0x00000000d6800000,0x00000000d6d08000,0x00000000d6e80000)
  to   space 5632K, 0% used [0x00000000d6f80000,0x00000000d6f80000,0x00000000d7500000)
 ParOldGen       total 861184K, used 861104K [0x0000000080000000, 0x00000000b4900000, 0x00000000d5580000)
  object space 861184K, 99% used [0x0000000080000000,0x00000000b48ec1d0,0x00000000b4900000)
 Metaspace       used 117614K, committed 120000K, reserved 1179648K
  class space    used 15524K, committed 16640K, reserved 1048576K
}
Event: 1742.504 GC heap before
{Heap before GC invocations=8929 (full 8):
 PSYoungGen      total 25600K, used 24096K [0x00000000d5580000, 0x00000000d7500000, 0x0000000100000000)
  eden space 18944K, 100% used [0x00000000d5580000,0x00000000d6800000,0x00000000d6800000)
  from space 6656K, 77% used [0x00000000d6800000,0x00000000d6d08000,0x00000000d6e80000)
  to   space 5632K, 0% used [0x00000000d6f80000,0x00000000d6f80000,0x00000000d7500000)
 ParOldGen       total 861184K, used 861104K [0x0000000080000000, 0x00000000b4900000, 0x00000000d5580000)
  object space 861184K, 99% used [0x0000000080000000,0x00000000b48ec1d0,0x00000000b4900000)
 Metaspace       used 117614K, committed 120000K, reserved 1179648K
  class space    used 15524K, committed 16640K, reserved 1048576K
}
Event: 1742.508 GC heap after
{Heap after GC invocations=8929 (full 8):
 PSYoungGen      total 26112K, used 5628K [0x00000000d5580000, 0x00000000d7800000, 0x0000000100000000)
  eden space 20480K, 0% used [0x00000000d5580000,0x00000000d5580000,0x00000000d6980000)
  from space 5632K, 99% used [0x00000000d6f80000,0x00000000d74ff020,0x00000000d7500000)
  to   space 6144K, 0% used [0x00000000d6980000,0x00000000d6980000,0x00000000d6f80000)
 ParOldGen       total 865792K, used 865576K [0x0000000080000000, 0x00000000b4d80000, 0x00000000d5580000)
  object space 865792K, 99% used [0x0000000080000000,0x00000000b4d4a1d0,0x00000000b4d80000)
 Metaspace       used 117614K, committed 120000K, reserved 1179648K
  class space    used 15524K, committed 16640K, reserved 1048576K
}
Event: 1742.517 GC heap before
{Heap before GC invocations=8930 (full 8):
 PSYoungGen      total 26112K, used 26108K [0x00000000d5580000, 0x00000000d7800000, 0x0000000100000000)
  eden space 20480K, 100% used [0x00000000d5580000,0x00000000d6980000,0x00000000d6980000)
  from space 5632K, 99% used [0x00000000d6f80000,0x00000000d74ff020,0x00000000d7500000)
  to   space 6144K, 0% used [0x00000000d6980000,0x00000000d6980000,0x00000000d6f80000)
 ParOldGen       total 865792K, used 865576K [0x0000000080000000, 0x00000000b4d80000, 0x00000000d5580000)
  object space 865792K, 99% used [0x0000000080000000,0x00000000b4d4a1d0,0x00000000b4d80000)
 Metaspace       used 117614K, committed 120000K, reserved 1179648K
  class space    used 15524K, committed 16640K, reserved 1048576K
}
Event: 1742.524 GC heap after
{Heap after GC invocations=8930 (full 8):
 PSYoungGen      total 26624K, used 6141K [0x00000000d5580000, 0x00000000d8780000, 0x0000000100000000)
  eden space 20480K, 0% used [0x00000000d5580000,0x00000000d5580000,0x00000000d6980000)
  from space 6144K, 99% used [0x00000000d6980000,0x00000000d6f7f5c0,0x00000000d6f80000)
  to   space 13312K, 0% used [0x00000000d7a80000,0x00000000d7a80000,0x00000000d8780000)
 ParOldGen       total 871424K, used 871384K [0x0000000080000000, 0x00000000b5300000, 0x00000000d5580000)
  object space 871424K, 99% used [0x0000000080000000,0x00000000b52f61d0,0x00000000b5300000)
 Metaspace       used 117614K, committed 120000K, reserved 1179648K
  class space    used 15524K, committed 16640K, reserved 1048576K
}
Event: 1742.529 GC heap before
{Heap before GC invocations=8931 (full 8):
 PSYoungGen      total 26624K, used 26621K [0x00000000d5580000, 0x00000000d8780000, 0x0000000100000000)
  eden space 20480K, 100% used [0x00000000d5580000,0x00000000d6980000,0x00000000d6980000)
  from space 6144K, 99% used [0x00000000d6980000,0x00000000d6f7f5c0,0x00000000d6f80000)
  to   space 13312K, 0% used [0x00000000d7a80000,0x00000000d7a80000,0x00000000d8780000)
 ParOldGen       total 871424K, used 871384K [0x0000000080000000, 0x00000000b5300000, 0x00000000d5580000)
  object space 871424K, 99% used [0x0000000080000000,0x00000000b52f61d0,0x00000000b5300000)
 Metaspace       used 117614K, committed 120000K, reserved 1179648K
  class space    used 15524K, committed 16640K, reserved 1048576K
}
Event: 1742.535 GC heap after
{Heap after GC invocations=8931 (full 8):
 PSYoungGen      total 30720K, used 5997K [0x00000000d5580000, 0x00000000d8080000, 0x0000000100000000)
  eden space 24576K, 0% used [0x00000000d5580000,0x00000000d5580000,0x00000000d6d80000)
  from space 6144K, 97% used [0x00000000d7a80000,0x00000000d805b400,0x00000000d8080000)
  to   space 8192K, 0% used [0x00000000d7080000,0x00000000d7080000,0x00000000d7880000)
 ParOldGen       total 877056K, used 876760K [0x0000000080000000, 0x00000000b5880000, 0x00000000d5580000)
  object space 877056K, 99% used [0x0000000080000000,0x00000000b58361d0,0x00000000b5880000)
 Metaspace       used 117614K, committed 120000K, reserved 1179648K
  class space    used 15524K, committed 16640K, reserved 1048576K
}
Event: 1742.570 GC heap before
{Heap before GC invocations=8932 (full 8):
 PSYoungGen      total 30720K, used 29191K [0x00000000d5580000, 0x00000000d8080000, 0x0000000100000000)
  eden space 24576K, 94% used [0x00000000d5580000,0x00000000d6c26a80,0x00000000d6d80000)
  from space 6144K, 97% used [0x00000000d7a80000,0x00000000d805b400,0x00000000d8080000)
  to   space 8192K, 0% used [0x00000000d7080000,0x00000000d7080000,0x00000000d7880000)
 ParOldGen       total 877056K, used 876760K [0x0000000080000000, 0x00000000b5880000, 0x00000000d5580000)
  object space 877056K, 99% used [0x0000000080000000,0x00000000b58361d0,0x00000000b5880000)
 Metaspace       used 117623K, committed 120000K, reserved 1179648K
  class space    used 15524K, committed 16640K, reserved 1048576K
}
Event: 1742.575 GC heap after
{Heap after GC invocations=8932 (full 8):
 PSYoungGen      total 30208K, used 2532K [0x00000000d5580000, 0x00000000d7b80000, 0x0000000100000000)
  eden space 27648K, 0% used [0x00000000d5580000,0x00000000d5580000,0x00000000d7080000)
  from space 2560K, 98% used [0x00000000d7080000,0x00000000d72f93e0,0x00000000d7300000)
  to   space 4608K, 0% used [0x00000000d7700000,0x00000000d7700000,0x00000000d7b80000)
 ParOldGen       total 882688K, used 882464K [0x0000000080000000, 0x00000000b5e00000, 0x00000000d5580000)
  object space 882688K, 99% used [0x0000000080000000,0x00000000b5dc81d0,0x00000000b5e00000)
 Metaspace       used 117623K, committed 120000K, reserved 1179648K
  class space    used 15524K, committed 16640K, reserved 1048576K
}
Event: 1742.605 GC heap before
{Heap before GC invocations=8933 (full 8):
 PSYoungGen      total 30208K, used 24637K [0x00000000d5580000, 0x00000000d7b80000, 0x0000000100000000)
  eden space 27648K, 79% used [0x00000000d5580000,0x00000000d6b16130,0x00000000d7080000)
  from space 2560K, 98% used [0x00000000d7080000,0x00000000d72f93e0,0x00000000d7300000)
  to   space 4608K, 0% used [0x00000000d7700000,0x00000000d7700000,0x00000000d7b80000)
 ParOldGen       total 882688K, used 882464K [0x0000000080000000, 0x00000000b5e00000, 0x00000000d5580000)
  object space 882688K, 99% used [0x0000000080000000,0x00000000b5dc81d0,0x00000000b5e00000)
 Metaspace       used 117623K, committed 120000K, reserved 1179648K
  class space    used 15524K, committed 16640K, reserved 1048576K
}
Event: 1742.608 GC heap after
{Heap after GC invocations=8933 (full 8):
 PSYoungGen      total 34816K, used 0K [0x00000000d5580000, 0x00000000d7900000, 0x0000000100000000)
  eden space 32768K, 0% used [0x00000000d5580000,0x00000000d5580000,0x00000000d7580000)
  from space 2048K, 0% used [0x00000000d7700000,0x00000000d7700000,0x00000000d7900000)
  to   space 1536K, 0% used [0x00000000d7580000,0x00000000d7580000,0x00000000d7700000)
 ParOldGen       total 888832K, used 888310K [0x0000000080000000, 0x00000000b6400000, 0x00000000d5580000)
  object space 888832K, 99% used [0x0000000080000000,0x00000000b637da80,0x00000000b6400000)
 Metaspace       used 117623K, committed 120000K, reserved 1179648K
  class space    used 15524K, committed 16640K, reserved 1048576K
}

