# JRE version: OpenJDK Runtime Environment Temurin-17.0.18+8 (17.0.18+8) (build 17.0.18+8)
# Java VM: OpenJDK 64-Bit Server VM Temurin-17.0.18+8 (17.0.18+8, mixed mode, sharing, tiered, compressed oops, compressed class ptrs, g1 gc, windows-amd64)
GC Precious Log:
 CPUs: 12 total, 12 available
 Memory: 24297M
 Large Page Support: Disabled
 NUMA Support: Disabled
 Compressed Oops: Enabled (32-bit)
 Heap Region Size: 1M
 Heap Min Capacity: 8M
 Heap Initial Capacity: 380M
 Heap Max Capacity: 2G
 Pre-touch: Disabled
 Parallel Workers: 10
 Concurrent Workers: 3
 Concurrent Refinement Workers: 10
 Periodic GC: Disabled
Heap:
 garbage-first heap   total 153600K, used 72565K [0x0000000080000000, 0x0000000100000000)
  region size 1024K, 3 young (3072K), 3 survivors (3072K)
 Metaspace       used 65784K, committed 66560K, reserved 491520K
  class space    used 9257K, committed 9600K, reserved 425984K
GC Heap History (20 events):
Event: 6.632 GC heap before
{Heap before GC invocations=9 (full 0):
 garbage-first heap   total 86016K, used 49624K [0x0000000080000000, 0x0000000100000000)
  region size 1024K, 17 young (17408K), 5 survivors (5120K)
 Metaspace       used 35550K, committed 35968K, reserved 491520K
  class space    used 4895K, committed 5120K, reserved 425984K
}
Event: 6.635 GC heap after
{Heap after GC invocations=10 (full 0):
 garbage-first heap   total 86016K, used 35277K [0x0000000080000000, 0x0000000100000000)
  region size 1024K, 2 young (2048K), 2 survivors (2048K)
 Metaspace       used 35550K, committed 35968K, reserved 491520K
  class space    used 4895K, committed 5120K, reserved 425984K
}
Event: 7.377 GC heap before
{Heap before GC invocations=11 (full 0):
 garbage-first heap   total 86016K, used 65997K [0x0000000080000000, 0x0000000100000000)
  region size 1024K, 32 young (32768K), 2 survivors (2048K)
 Metaspace       used 37883K, committed 38400K, reserved 491520K
  class space    used 5203K, committed 5440K, reserved 425984K
}
Event: 7.381 GC heap after
{Heap after GC invocations=12 (full 0):
 garbage-first heap   total 86016K, used 39572K [0x0000000080000000, 0x0000000100000000)
  region size 1024K, 4 young (4096K), 4 survivors (4096K)
 Metaspace       used 37883K, committed 38400K, reserved 491520K
  class space    used 5203K, committed 5440K, reserved 425984K
}
Event: 7.920 GC heap before
{Heap before GC invocations=12 (full 0):
 garbage-first heap   total 86016K, used 67220K [0x0000000080000000, 0x0000000100000000)
  region size 1024K, 31 young (31744K), 4 survivors (4096K)
 Metaspace       used 40727K, committed 41344K, reserved 491520K
  class space    used 5658K, committed 5952K, reserved 425984K
}
Event: 7.925 GC heap after
{Heap after GC invocations=13 (full 0):
 garbage-first heap   total 86016K, used 41375K [0x0000000080000000, 0x0000000100000000)
  region size 1024K, 2 young (2048K), 2 survivors (2048K)
 Metaspace       used 40727K, committed 41344K, reserved 491520K
  class space    used 5658K, committed 5952K, reserved 425984K
}
Event: 8.015 GC heap before
{Heap before GC invocations=13 (full 0):
 garbage-first heap   total 86016K, used 46495K [0x0000000080000000, 0x0000000100000000)
  region size 1024K, 9 young (9216K), 2 survivors (2048K)
 Metaspace       used 41345K, committed 41984K, reserved 491520K
  class space    used 5741K, committed 6016K, reserved 425984K
}
Event: 8.017 GC heap after
{Heap after GC invocations=14 (full 0):
 garbage-first heap   total 86016K, used 41940K [0x0000000080000000, 0x0000000100000000)
  region size 1024K, 3 young (3072K), 3 survivors (3072K)
 Metaspace       used 41345K, committed 41984K, reserved 491520K
  class space    used 5741K, committed 6016K, reserved 425984K
}
Event: 8.149 GC heap before
{Heap before GC invocations=15 (full 0):
 garbage-first heap   total 86016K, used 70612K [0x0000000080000000, 0x0000000100000000)
  region size 1024K, 29 young (29696K), 3 survivors (3072K)
 Metaspace       used 42289K, committed 42944K, reserved 491520K
  class space    used 5787K, committed 6080K, reserved 425984K
}
Event: 8.152 GC heap after
{Heap after GC invocations=16 (full 0):
 garbage-first heap   total 86016K, used 41519K [0x0000000080000000, 0x0000000100000000)
  region size 1024K, 2 young (2048K), 2 survivors (2048K)
 Metaspace       used 42289K, committed 42944K, reserved 491520K
  class space    used 5787K, committed 6080K, reserved 425984K
}
Event: 8.651 GC heap before
{Heap before GC invocations=16 (full 0):
 garbage-first heap   total 86016K, used 70191K [0x0000000080000000, 0x0000000100000000)
  region size 1024K, 30 young (30720K), 2 survivors (2048K)
 Metaspace       used 44644K, committed 45312K, reserved 491520K
  class space    used 6172K, committed 6464K, reserved 425984K
}
Event: 8.657 GC heap after
{Heap after GC invocations=17 (full 0):
 garbage-first heap   total 237568K, used 43382K [0x0000000080000000, 0x0000000100000000)
  region size 1024K, 4 young (4096K), 4 survivors (4096K)
 Metaspace       used 44644K, committed 45312K, reserved 491520K
  class space    used 6172K, committed 6464K, reserved 425984K
}
Event: 9.864 GC heap before
{Heap before GC invocations=18 (full 0):
 garbage-first heap   total 153600K, used 131446K [0x0000000080000000, 0x0000000100000000)
  region size 1024K, 90 young (92160K), 4 survivors (4096K)
 Metaspace       used 51952K, committed 52608K, reserved 491520K
  class space    used 7248K, committed 7552K, reserved 425984K
}
Event: 9.870 GC heap after
{Heap after GC invocations=19 (full 0):
 garbage-first heap   total 153600K, used 47856K [0x0000000080000000, 0x0000000100000000)
  region size 1024K, 8 young (8192K), 8 survivors (8192K)
 Metaspace       used 51952K, committed 52608K, reserved 491520K
  class space    used 7248K, committed 7552K, reserved 425984K
}
Event: 11.187 GC heap before
{Heap before GC invocations=19 (full 0):
 garbage-first heap   total 153600K, used 123632K [0x0000000080000000, 0x0000000100000000)
  region size 1024K, 82 young (83968K), 8 survivors (8192K)
 Metaspace       used 56885K, committed 57600K, reserved 491520K
  class space    used 8000K, committed 8320K, reserved 425984K
}
Event: 11.197 GC heap after
{Heap after GC invocations=20 (full 0):
 garbage-first heap   total 153600K, used 53097K [0x0000000080000000, 0x0000000100000000)
  region size 1024K, 11 young (11264K), 11 survivors (11264K)
 Metaspace       used 56885K, committed 57600K, reserved 491520K
  class space    used 8000K, committed 8320K, reserved 425984K
}
Event: 12.398 GC heap before
{Heap before GC invocations=20 (full 0):
 garbage-first heap   total 153600K, used 127849K [0x0000000080000000, 0x0000000100000000)
  region size 1024K, 78 young (79872K), 11 survivors (11264K)
 Metaspace       used 60193K, committed 60992K, reserved 491520K
  class space    used 8406K, committed 8768K, reserved 425984K
}
Event: 12.408 GC heap after
{Heap after GC invocations=21 (full 0):
 garbage-first heap   total 153600K, used 66626K [0x0000000080000000, 0x0000000100000000)
  region size 1024K, 9 young (9216K), 9 survivors (9216K)
 Metaspace       used 60193K, committed 60992K, reserved 491520K
  class space    used 8406K, committed 8768K, reserved 425984K
}
Event: 13.432 GC heap before
{Heap before GC invocations=21 (full 0):
 garbage-first heap   total 153600K, used 121922K [0x0000000080000000, 0x0000000100000000)
  region size 1024K, 63 young (64512K), 9 survivors (9216K)
 Metaspace       used 64107K, committed 64896K, reserved 491520K
  class space    used 8979K, committed 9344K, reserved 425984K
}
Event: 13.438 GC heap after
{Heap after GC invocations=22 (full 0):
 garbage-first heap   total 153600K, used 69034K [0x0000000080000000, 0x0000000100000000)
  region size 1024K, 3 young (3072K), 3 survivors (3072K)
 Metaspace       used 64107K, committed 64896K, reserved 491520K
  class space    used 8979K, committed 9344K, reserved 425984K
}

